<?xml version="1.0" encoding="UTF-8"?>
<coverage generated="1734489613402" clover="3.2.0">
  <project timestamp="1734489613403" name="All files">
    <metrics statements="46" coveredstatements="37" conditionals="12" coveredconditionals="9" methods="5" coveredmethods="5" elements="63" coveredelements="51" complexity="0" loc="46" ncloc="46" packages="1" files="1" classes="1"/>
    <file name="userController.js" path="C:\Users\Usuario\Desktop\proyecto-backend\controllers\userController.js">
      <metrics statements="46" coveredstatements="37" conditionals="12" coveredconditionals="9" methods="5" coveredmethods="5"/>
      <line num="7" count="2" type="stmt"/>
      <line num="8" count="2" type="stmt"/>
      <line num="15" count="1" type="stmt"/>
      <line num="17" count="1" type="stmt"/>
      <line num="18" count="1" type="stmt"/>
      <line num="24" count="3" type="stmt"/>
      <line num="25" count="3" type="stmt"/>
      <line num="26" count="3" type="stmt"/>
      <line num="30" count="2" type="cond" truecount="2" falsecount="0"/>
      <line num="31" count="1" type="stmt"/>
      <line num="33" count="1" type="stmt"/>
      <line num="35" count="1" type="stmt"/>
      <line num="36" count="1" type="stmt"/>
      <line num="42" count="1" type="stmt"/>
      <line num="55" count="1" type="stmt"/>
      <line num="57" count="1" type="stmt"/>
      <line num="58" count="1" type="cond" truecount="1" falsecount="1"/>
      <line num="59" count="1" type="stmt"/>
      <line num="70" count="1" type="stmt"/>
      <line num="72" count="0" type="stmt"/>
      <line num="78" count="0" type="stmt"/>
      <line num="84" count="4" type="stmt"/>
      <line num="85" count="4" type="stmt"/>
      <line num="86" count="4" type="stmt"/>
      <line num="87" count="4" type="stmt"/>
      <line num="88" count="4" type="cond" truecount="1" falsecount="1"/>
      <line num="89" count="0" type="stmt"/>
      <line num="90" count="0" type="stmt"/>
      <line num="92" count="4" type="stmt"/>
      <line num="95" count="4" type="cond" truecount="2" falsecount="0"/>
      <line num="96" count="2" type="stmt"/>
      <line num="98" count="2" type="stmt"/>
      <line num="102" count="0" type="stmt"/>
      <line num="103" count="0" type="stmt"/>
      <line num="109" count="2" type="stmt"/>
      <line num="110" count="2" type="stmt"/>
      <line num="111" count="2" type="stmt"/>
      <line num="112" count="2" type="cond" truecount="2" falsecount="0"/>
      <line num="113" count="1" type="stmt"/>
      <line num="115" count="1" type="cond" truecount="1" falsecount="1"/>
      <line num="116" count="0" type="stmt"/>
      <line num="118" count="1" type="stmt"/>
      <line num="119" count="1" type="stmt"/>
      <line num="120" count="1" type="stmt"/>
      <line num="122" count="0" type="stmt"/>
      <line num="123" count="0" type="stmt"/>
    </file>
  </project>
</coverage>
