{"C:\\Users\\Usuario\\Desktop\\proyecto-backend\\controllers\\productController.js": {"path":"C:\\Users\\Usuario\\Desktop\\proyecto-backend\\controllers\\productController.js","statementMap":{"0":{"start":{"line":5,"column":2},"end":{"line":11,"column":3}},"1":{"start":{"line":6,"column":20},"end":{"line":6,"column":68}},"2":{"start":{"line":7,"column":4},"end":{"line":7,"column":41}},"3":{"start":{"line":9,"column":4},"end":{"line":9,"column":23}},"4":{"start":{"line":10,"column":4},"end":{"line":10,"column":70}},"5":{"start":{"line":15,"column":2},"end":{"line":29,"column":3}},"6":{"start":{"line":16,"column":22},"end":{"line":16,"column":35}},"7":{"start":{"line":17,"column":4},"end":{"line":17,"column":27}},"8":{"start":{"line":18,"column":25},"end":{"line":21,"column":6}},"9":{"start":{"line":22,"column":4},"end":{"line":24,"column":5}},"10":{"start":{"line":23,"column":6},"end":{"line":23,"column":68}},"11":{"start":{"line":25,"column":4},"end":{"line":25,"column":46}},"12":{"start":{"line":27,"column":4},"end":{"line":27,"column":23}},"13":{"start":{"line":28,"column":4},"end":{"line":28,"column":70}},"14":{"start":{"line":33,"column":2},"end":{"line":73,"column":3}},"15":{"start":{"line":46,"column":8},"end":{"line":46,"column":16}},"16":{"start":{"line":47,"column":27},"end":{"line":47,"column":62}},"17":{"start":{"line":49,"column":4},"end":{"line":68,"column":5}},"18":{"start":{"line":50,"column":25},"end":{"line":61,"column":8}},"19":{"start":{"line":62,"column":6},"end":{"line":62,"column":46}},"20":{"start":{"line":64,"column":6},"end":{"line":67,"column":9}},"21":{"start":{"line":72,"column":4},"end":{"line":72,"column":70}},"22":{"start":{"line":77,"column":2},"end":{"line":99,"column":3}},"23":{"start":{"line":78,"column":20},"end":{"line":78,"column":28}},"24":{"start":{"line":79,"column":22},"end":{"line":79,"column":59}},"25":{"start":{"line":81,"column":4},"end":{"line":95,"column":5}},"26":{"start":{"line":82,"column":6},"end":{"line":82,"column":54}},"27":{"start":{"line":83,"column":6},"end":{"line":83,"column":77}},"28":{"start":{"line":84,"column":6},"end":{"line":84,"column":57}},"29":{"start":{"line":85,"column":6},"end":{"line":85,"column":57}},"30":{"start":{"line":86,"column":6},"end":{"line":86,"column":57}},"31":{"start":{"line":87,"column":6},"end":{"line":87,"column":66}},"32":{"start":{"line":88,"column":6},"end":{"line":88,"column":72}},"33":{"start":{"line":89,"column":6},"end":{"line":89,"column":57}},"34":{"start":{"line":91,"column":6},"end":{"line":91,"column":29}},"35":{"start":{"line":92,"column":6},"end":{"line":92,"column":57}},"36":{"start":{"line":94,"column":6},"end":{"line":94,"column":54}},"37":{"start":{"line":97,"column":4},"end":{"line":97,"column":23}},"38":{"start":{"line":98,"column":4},"end":{"line":98,"column":70}},"39":{"start":{"line":103,"column":2},"end":{"line":112,"column":3}},"40":{"start":{"line":104,"column":26},"end":{"line":104,"column":63}},"41":{"start":{"line":105,"column":4},"end":{"line":105,"column":41}},"42":{"start":{"line":106,"column":4},"end":{"line":106,"column":25}},"43":{"start":{"line":108,"column":4},"end":{"line":108,"column":51}},"44":{"start":{"line":110,"column":4},"end":{"line":110,"column":23}},"45":{"start":{"line":111,"column":4},"end":{"line":111,"column":70}}},"fnMap":{"0":{"name":"getAllProducts","decl":{"start":{"line":4,"column":15},"end":{"line":4,"column":29}},"loc":{"start":{"line":4,"column":40},"end":{"line":12,"column":1}},"line":4},"1":{"name":"getProductById","decl":{"start":{"line":14,"column":15},"end":{"line":14,"column":29}},"loc":{"start":{"line":14,"column":40},"end":{"line":30,"column":1}},"line":14},"2":{"name":"create","decl":{"start":{"line":32,"column":15},"end":{"line":32,"column":21}},"loc":{"start":{"line":32,"column":32},"end":{"line":74,"column":1}},"line":32},"3":{"name":"updateProduct","decl":{"start":{"line":76,"column":15},"end":{"line":76,"column":28}},"loc":{"start":{"line":76,"column":39},"end":{"line":100,"column":1}},"line":76},"4":{"name":"destroy","decl":{"start":{"line":102,"column":15},"end":{"line":102,"column":22}},"loc":{"start":{"line":102,"column":33},"end":{"line":113,"column":1}},"line":102}},"branchMap":{"0":{"loc":{"start":{"line":22,"column":4},"end":{"line":24,"column":5}},"type":"if","locations":[{"start":{"line":22,"column":4},"end":{"line":24,"column":5}},{"start":{},"end":{}}],"line":22},"1":{"loc":{"start":{"line":49,"column":4},"end":{"line":68,"column":5}},"type":"if","locations":[{"start":{"line":49,"column":4},"end":{"line":68,"column":5}},{"start":{"line":63,"column":11},"end":{"line":68,"column":5}}],"line":49},"2":{"loc":{"start":{"line":81,"column":4},"end":{"line":95,"column":5}},"type":"if","locations":[{"start":{"line":81,"column":4},"end":{"line":95,"column":5}},{"start":{"line":93,"column":11},"end":{"line":95,"column":5}}],"line":81},"3":{"loc":{"start":{"line":82,"column":23},"end":{"line":82,"column":53}},"type":"binary-expr","locations":[{"start":{"line":82,"column":23},"end":{"line":82,"column":35}},{"start":{"line":82,"column":39},"end":{"line":82,"column":53}}],"line":82},"4":{"loc":{"start":{"line":83,"column":32},"end":{"line":83,"column":76}},"type":"binary-expr","locations":[{"start":{"line":83,"column":32},"end":{"line":83,"column":51}},{"start":{"line":83,"column":55},"end":{"line":83,"column":76}}],"line":83},"5":{"loc":{"start":{"line":84,"column":24},"end":{"line":84,"column":56}},"type":"binary-expr","locations":[{"start":{"line":84,"column":24},"end":{"line":84,"column":37}},{"start":{"line":84,"column":41},"end":{"line":84,"column":56}}],"line":84},"6":{"loc":{"start":{"line":85,"column":24},"end":{"line":85,"column":56}},"type":"binary-expr","locations":[{"start":{"line":85,"column":24},"end":{"line":85,"column":37}},{"start":{"line":85,"column":41},"end":{"line":85,"column":56}}],"line":85},"7":{"loc":{"start":{"line":86,"column":24},"end":{"line":86,"column":56}},"type":"binary-expr","locations":[{"start":{"line":86,"column":24},"end":{"line":86,"column":37}},{"start":{"line":86,"column":41},"end":{"line":86,"column":56}}],"line":86},"8":{"loc":{"start":{"line":87,"column":27},"end":{"line":87,"column":65}},"type":"binary-expr","locations":[{"start":{"line":87,"column":27},"end":{"line":87,"column":43}},{"start":{"line":87,"column":47},"end":{"line":87,"column":65}}],"line":87},"9":{"loc":{"start":{"line":88,"column":29},"end":{"line":88,"column":71}},"type":"binary-expr","locations":[{"start":{"line":88,"column":29},"end":{"line":88,"column":47}},{"start":{"line":88,"column":51},"end":{"line":88,"column":71}}],"line":88},"10":{"loc":{"start":{"line":89,"column":24},"end":{"line":89,"column":56}},"type":"binary-expr","locations":[{"start":{"line":89,"column":24},"end":{"line":89,"column":37}},{"start":{"line":89,"column":41},"end":{"line":89,"column":56}}],"line":89}},"s":{"0":2,"1":2,"2":1,"3":1,"4":1,"5":3,"6":3,"7":3,"8":3,"9":2,"10":1,"11":1,"12":1,"13":1,"14":3,"15":3,"16":3,"17":2,"18":1,"19":1,"20":1,"21":1,"22":6,"23":6,"24":6,"25":4,"26":2,"27":2,"28":2,"29":2,"30":2,"31":2,"32":2,"33":2,"34":2,"35":2,"36":2,"37":2,"38":2,"39":2,"40":2,"41":1,"42":1,"43":1,"44":1,"45":1},"f":{"0":2,"1":3,"2":3,"3":6,"4":2},"b":{"0":[1,1],"1":[1,1],"2":[2,2],"3":[2,0],"4":[2,2],"5":[2,2],"6":[2,2],"7":[2,2],"8":[2,2],"9":[2,2],"10":[2,2]},"inputSourceMap":null,"_coverageSchema":"1a1c01bbd47fc00a2c39e90264f33305004495a9","hash":"93e5da92f3a908e6d8e97b1c79b193e13e1de726"}
,"C:\\Users\\Usuario\\Desktop\\proyecto-backend\\controllers\\userController.js": {"path":"C:\\Users\\Usuario\\Desktop\\proyecto-backend\\controllers\\userController.js","statementMap":{"0":{"start":{"line":7,"column":2},"end":{"line":19,"column":3}},"1":{"start":{"line":8,"column":18},"end":{"line":10,"column":5}},"2":{"start":{"line":15,"column":4},"end":{"line":15,"column":53}},"3":{"start":{"line":17,"column":4},"end":{"line":17,"column":23}},"4":{"start":{"line":18,"column":4},"end":{"line":18,"column":68}},"5":{"start":{"line":24,"column":2},"end":{"line":37,"column":3}},"6":{"start":{"line":25,"column":19},"end":{"line":25,"column":30}},"7":{"start":{"line":26,"column":22},"end":{"line":29,"column":26}},"8":{"start":{"line":30,"column":4},"end":{"line":32,"column":5}},"9":{"start":{"line":31,"column":6},"end":{"line":31,"column":65}},"10":{"start":{"line":33,"column":4},"end":{"line":33,"column":43}},"11":{"start":{"line":35,"column":4},"end":{"line":35,"column":23}},"12":{"start":{"line":36,"column":4},"end":{"line":36,"column":68}},"13":{"start":{"line":42,"column":2},"end":{"line":79,"column":3}},"14":{"start":{"line":55,"column":8},"end":{"line":55,"column":16}},"15":{"start":{"line":57,"column":24},"end":{"line":57,"column":60}},"16":{"start":{"line":58,"column":4},"end":{"line":73,"column":5}},"17":{"start":{"line":59,"column":22},"end":{"line":69,"column":8}},"18":{"start":{"line":70,"column":6},"end":{"line":70,"column":43}},"19":{"start":{"line":72,"column":6},"end":{"line":72,"column":52}},"20":{"start":{"line":78,"column":4},"end":{"line":78,"column":68}},"21":{"start":{"line":84,"column":2},"end":{"line":84,"column":39}},"22":{"start":{"line":85,"column":2},"end":{"line":104,"column":3}},"23":{"start":{"line":86,"column":19},"end":{"line":86,"column":30}},"24":{"start":{"line":87,"column":20},"end":{"line":87,"column":28}},"25":{"start":{"line":88,"column":4},"end":{"line":91,"column":5}},"26":{"start":{"line":89,"column":29},"end":{"line":89,"column":68}},"27":{"start":{"line":90,"column":6},"end":{"line":90,"column":40}},"28":{"start":{"line":92,"column":24},"end":{"line":94,"column":6}},"29":{"start":{"line":95,"column":4},"end":{"line":97,"column":5}},"30":{"start":{"line":96,"column":6},"end":{"line":96,"column":65}},"31":{"start":{"line":98,"column":4},"end":{"line":100,"column":73}},"32":{"start":{"line":102,"column":4},"end":{"line":102,"column":23}},"33":{"start":{"line":103,"column":4},"end":{"line":103,"column":68}},"34":{"start":{"line":109,"column":2},"end":{"line":124,"column":3}},"35":{"start":{"line":110,"column":19},"end":{"line":110,"column":32}},"36":{"start":{"line":111,"column":17},"end":{"line":111,"column":44}},"37":{"start":{"line":112,"column":4},"end":{"line":114,"column":5}},"38":{"start":{"line":113,"column":6},"end":{"line":113,"column":65}},"39":{"start":{"line":115,"column":4},"end":{"line":117,"column":5}},"40":{"start":{"line":116,"column":6},"end":{"line":116,"column":71}},"41":{"start":{"line":118,"column":4},"end":{"line":118,"column":32}},"42":{"start":{"line":119,"column":4},"end":{"line":119,"column":22}},"43":{"start":{"line":120,"column":4},"end":{"line":120,"column":74}},"44":{"start":{"line":122,"column":4},"end":{"line":122,"column":23}},"45":{"start":{"line":123,"column":4},"end":{"line":123,"column":68}}},"fnMap":{"0":{"name":"getAllUsers","decl":{"start":{"line":6,"column":15},"end":{"line":6,"column":26}},"loc":{"start":{"line":6,"column":37},"end":{"line":20,"column":1}},"line":6},"1":{"name":"getUserById","decl":{"start":{"line":23,"column":15},"end":{"line":23,"column":26}},"loc":{"start":{"line":23,"column":37},"end":{"line":38,"column":1}},"line":23},"2":{"name":"createUser","decl":{"start":{"line":41,"column":15},"end":{"line":41,"column":25}},"loc":{"start":{"line":41,"column":36},"end":{"line":80,"column":1}},"line":41},"3":{"name":"updateUser","decl":{"start":{"line":83,"column":15},"end":{"line":83,"column":25}},"loc":{"start":{"line":83,"column":36},"end":{"line":105,"column":1}},"line":83},"4":{"name":"deleteUser","decl":{"start":{"line":108,"column":15},"end":{"line":108,"column":25}},"loc":{"start":{"line":108,"column":36},"end":{"line":125,"column":1}},"line":108}},"branchMap":{"0":{"loc":{"start":{"line":30,"column":4},"end":{"line":32,"column":5}},"type":"if","locations":[{"start":{"line":30,"column":4},"end":{"line":32,"column":5}},{"start":{},"end":{}}],"line":30},"1":{"loc":{"start":{"line":58,"column":4},"end":{"line":73,"column":5}},"type":"if","locations":[{"start":{"line":58,"column":4},"end":{"line":73,"column":5}},{"start":{"line":71,"column":11},"end":{"line":73,"column":5}}],"line":58},"2":{"loc":{"start":{"line":88,"column":4},"end":{"line":91,"column":5}},"type":"if","locations":[{"start":{"line":88,"column":4},"end":{"line":91,"column":5}},{"start":{},"end":{}}],"line":88},"3":{"loc":{"start":{"line":95,"column":4},"end":{"line":97,"column":5}},"type":"if","locations":[{"start":{"line":95,"column":4},"end":{"line":97,"column":5}},{"start":{},"end":{}}],"line":95},"4":{"loc":{"start":{"line":112,"column":4},"end":{"line":114,"column":5}},"type":"if","locations":[{"start":{"line":112,"column":4},"end":{"line":114,"column":5}},{"start":{},"end":{}}],"line":112},"5":{"loc":{"start":{"line":115,"column":4},"end":{"line":117,"column":5}},"type":"if","locations":[{"start":{"line":115,"column":4},"end":{"line":117,"column":5}},{"start":{},"end":{}}],"line":115}},"s":{"0":2,"1":2,"2":1,"3":1,"4":1,"5":3,"6":3,"7":3,"8":2,"9":1,"10":1,"11":1,"12":1,"13":1,"14":1,"15":1,"16":1,"17":1,"18":1,"19":0,"20":0,"21":4,"22":4,"23":4,"24":4,"25":4,"26":0,"27":0,"28":4,"29":4,"30":2,"31":2,"32":0,"33":0,"34":2,"35":2,"36":2,"37":2,"38":1,"39":1,"40":0,"41":1,"42":1,"43":1,"44":0,"45":0},"f":{"0":2,"1":3,"2":1,"3":4,"4":2},"b":{"0":[1,1],"1":[1,0],"2":[0,4],"3":[2,2],"4":[1,1],"5":[0,1]},"inputSourceMap":null,"_coverageSchema":"1a1c01bbd47fc00a2c39e90264f33305004495a9","hash":"9ec02cb68b12ad835f84628dea4684cf17822826"}
}
