TN:
SF:controllers\userController.js
FN:6,getAllUsers
FN:23,getUserById
FN:41,createUser
FN:83,updateUser
FN:108,deleteUser
FNF:5
FNH:5
FNDA:2,getAllUsers
FNDA:3,getUserById
FNDA:1,createUser
FNDA:4,updateUser
FNDA:2,deleteUser
DA:7,2
DA:8,2
DA:15,1
DA:17,1
DA:18,1
DA:24,3
DA:25,3
DA:26,3
DA:30,2
DA:31,1
DA:33,1
DA:35,1
DA:36,1
DA:42,1
DA:55,1
DA:57,1
DA:58,1
DA:59,1
DA:70,1
DA:72,0
DA:78,0
DA:84,4
DA:85,4
DA:86,4
DA:87,4
DA:88,4
DA:89,0
DA:90,0
DA:92,4
DA:95,4
DA:96,2
DA:98,2
DA:102,0
DA:103,0
DA:109,2
DA:110,2
DA:111,2
DA:112,2
DA:113,1
DA:115,1
DA:116,0
DA:118,1
DA:119,1
DA:120,1
DA:122,0
DA:123,0
LF:46
LH:37
BRDA:30,0,0,1
BRDA:30,0,1,1
BRDA:58,1,0,1
BRDA:58,1,1,0
BRDA:88,2,0,0
BRDA:88,2,1,4
BRDA:95,3,0,2
BRDA:95,3,1,2
BRDA:112,4,0,1
BRDA:112,4,1,1
BRDA:115,5,0,0
BRDA:115,5,1,1
BRF:12
BRH:9
end_of_record
